<?xml version="1.0" encoding="UTF-8"?>
<!-- Generated by org.testng.reporters.JUnitReportReporter -->
<testsuite hostname="EC2AMAZ-8KL45D2" failures="0" tests="2" name="com.WebOrder.WebOrder_Login_GetText" time="6.960" errors="0" timestamp="2024-09-27T03:18:26 UTC" skipped="0">
  <testcase classname="com.WebOrder.WebOrder_Login_GetText" name="login" time="4.680"/>
  <system-out/>
  <testcase classname="com.WebOrder.WebOrder_Login_GetText" name="logout" time="2.280"/>
  <system-out/>
</testsuite> <!-- com.WebOrder.WebOrder_Login_GetText -->
