<?xml version="1.0" encoding="UTF-8"?>
<!-- Generated by org.testng.reporters.JUnitReportReporter -->
<testsuite hostname="EC2AMAZ-8KL45D2" failures="0" tests="1" name="com.WebOrder.MouseHover" time="13.319" errors="0" timestamp="2024-09-26T04:34:23 UTC" skipped="0">
  <testcase classname="com.WebOrder.MouseHover" name="MouseHoverYatra" time="13.319"/>
  <system-out/>
</testsuite> <!-- com.WebOrder.MouseHover -->
