<?xml version="1.0" encoding="UTF-8"?>
<!-- Generated by org.testng.reporters.JUnitReportReporter -->
<testsuite hostname="EC2AMAZ-8KL45D2" failures="0" tests="4" name="com.WebOrder.WebOrder_Login_dataDrivenTest" time="41.827" errors="0" timestamp="2024-09-24T04:33:56 UTC" skipped="0">
  <testcase classname="com.WebOrder.WebOrder_Login_dataDrivenTest" name="login" time="10.159"/>
  <system-out/>
  <testcase classname="com.WebOrder.WebOrder_Login_dataDrivenTest" name="login" time="10.232"/>
  <system-out/>
  <testcase classname="com.WebOrder.WebOrder_Login_dataDrivenTest" name="login" time="10.072"/>
  <system-out/>
  <testcase classname="com.WebOrder.WebOrder_Login_dataDrivenTest" name="login" time="11.364"/>
  <system-out/>
</testsuite> <!-- com.WebOrder.WebOrder_Login_dataDrivenTest -->
