<?xml version="1.0" encoding="UTF-8"?>
<!-- Generated by org.testng.reporters.JUnitReportReporter -->
<testsuite hostname="EC2AMAZ-8KL45D2" failures="0" tests="15" name="com.WebOrder.createOrder_All_TCs" time="36.064" errors="0" timestamp="2024-09-27T03:18:26 UTC" skipped="0">
  <testcase classname="com.WebOrder.createOrder_All_TCs" name="create_order" time="2.198"/>
  <system-out/>
  <testcase classname="com.WebOrder.createOrder_All_TCs" name="create_order" time="2.480"/>
  <system-out/>
  <testcase classname="com.WebOrder.createOrder_All_TCs" name="create_order" time="2.304"/>
  <system-out/>
  <testcase classname="com.WebOrder.createOrder_All_TCs" name="create_order" time="2.513"/>
  <system-out/>
  <testcase classname="com.WebOrder.createOrder_All_TCs" name="create_order" time="2.449"/>
  <system-out/>
  <testcase classname="com.WebOrder.createOrder_All_TCs" name="create_order" time="2.141"/>
  <system-out/>
  <testcase classname="com.WebOrder.createOrder_All_TCs" name="create_order" time="2.243"/>
  <system-out/>
  <testcase classname="com.WebOrder.createOrder_All_TCs" name="create_order" time="2.196"/>
  <system-out/>
  <testcase classname="com.WebOrder.createOrder_All_TCs" name="create_order" time="2.200"/>
  <system-out/>
  <testcase classname="com.WebOrder.createOrder_All_TCs" name="create_order" time="3.028"/>
  <system-out/>
  <testcase classname="com.WebOrder.createOrder_All_TCs" name="create_order" time="2.467"/>
  <system-out/>
  <testcase classname="com.WebOrder.createOrder_All_TCs" name="create_order" time="2.271"/>
  <system-out/>
  <testcase classname="com.WebOrder.createOrder_All_TCs" name="create_order" time="2.878"/>
  <system-out/>
  <testcase classname="com.WebOrder.createOrder_All_TCs" name="create_order" time="2.423"/>
  <system-out/>
  <testcase classname="com.WebOrder.createOrder_All_TCs" name="create_order" time="2.273"/>
  <system-out/>
</testsuite> <!-- com.WebOrder.createOrder_All_TCs -->
