<?xml version="1.0" encoding="UTF-8"?>
<!-- Generated by org.testng.reporters.JUnitReportReporter -->
<testsuite hostname="EC2AMAZ-8KL45D2" failures="0" tests="5" name="com.WebOrder.WebOrder_Login_TCs" time="3.914" errors="0" timestamp="2024-09-27T03:18:26 UTC" skipped="0">
  <testcase classname="com.WebOrder.WebOrder_Login_TCs" name="login_to_app" time="2.203"/>
  <system-out/>
  <testcase classname="com.WebOrder.WebOrder_Login_TCs" name="login_to_app" time="0.406"/>
  <system-out/>
  <testcase classname="com.WebOrder.WebOrder_Login_TCs" name="login_to_app" time="0.427"/>
  <system-out/>
  <testcase classname="com.WebOrder.WebOrder_Login_TCs" name="login_to_app" time="0.459"/>
  <system-out/>
  <testcase classname="com.WebOrder.WebOrder_Login_TCs" name="login_to_app" time="0.419"/>
  <system-out/>
</testsuite> <!-- com.WebOrder.WebOrder_Login_TCs -->
