<?xml version="1.0" encoding="UTF-8"?>
<!-- Generated by org.testng.reporters.JUnitReportReporter -->
<testsuite hostname="EC2AMAZ-8KL45D2" failures="0" tests="2" name="com.assignments.notesAssigment" time="8.725" errors="0" timestamp="2024-10-10T03:36:27 UTC" skipped="0">
  <testcase classname="com.assignments.notesAssigment" name="login_to_app" time="8.693"/>
  <system-out/>
  <testcase classname="com.assignments.notesAssigment" name="delete" time="0.032"/>
  <system-out/>
</testsuite> <!-- com.assignments.notesAssigment -->
