<?xml version="1.0" encoding="UTF-8"?>
<!-- Generated by org.testng.reporters.JUnitReportReporter -->
<testsuite hostname="EC2AMAZ-8KL45D2" failures="0" tests="3" name="com.WebOrder.cross_browser_test_using_baseClass" time="10.467" errors="0" timestamp="2024-09-25T04:26:38 UTC" skipped="0">
  <testcase classname="com.WebOrder.cross_browser_test_using_baseClass" name="login_to_app" time="3.239"/>
  <system-out/>
  <testcase classname="com.WebOrder.cross_browser_test_using_baseClass" name="login_to_app" time="2.824"/>
  <system-out/>
  <testcase classname="com.WebOrder.cross_browser_test_using_baseClass" name="login_to_app" time="4.404"/>
  <system-out/>
</testsuite> <!-- com.WebOrder.cross_browser_test_using_baseClass -->
