<?xml version="1.0" encoding="UTF-8"?>
<!-- Generated by org.testng.reporters.JUnitReportReporter -->
<testsuite hostname="EC2AMAZ-8KL45D2" failures="0" tests="2" name="com.assignments.assignment4" time="20.463" errors="0" timestamp="2024-09-27T03:26:44 UTC" skipped="0">
  <testcase classname="com.assignments.assignment4" name="login" time="18.408"/>
  <system-out/>
  <testcase classname="com.assignments.assignment4" name="GoToShoppingCart" time="2.055"/>
  <system-out/>
</testsuite> <!-- com.assignments.assignment4 -->
