<?xml version="1.0" encoding="UTF-8"?>
<!-- Generated by org.testng.reporters.JUnitReportReporter -->
<testsuite hostname="EC2AMAZ-8KL45D2" failures="0" tests="5" name="com.WebOrder.WebOrder_Login_dataDrivenTest_UsingExcel" time="49.940" errors="0" timestamp="2024-09-25T06:14:09 UTC" skipped="0">
  <testcase classname="com.WebOrder.WebOrder_Login_dataDrivenTest_UsingExcel" name="login" time="10.113"/>
  <system-out/>
  <testcase classname="com.WebOrder.WebOrder_Login_dataDrivenTest_UsingExcel" name="login" time="10.102"/>
  <system-out/>
  <testcase classname="com.WebOrder.WebOrder_Login_dataDrivenTest_UsingExcel" name="login" time="10.033"/>
  <system-out/>
  <testcase classname="com.WebOrder.WebOrder_Login_dataDrivenTest_UsingExcel" name="login" time="9.834"/>
  <system-out/>
  <testcase classname="com.WebOrder.WebOrder_Login_dataDrivenTest_UsingExcel" name="login" time="9.858"/>
  <system-out/>
</testsuite> <!-- com.WebOrder.WebOrder_Login_dataDrivenTest_UsingExcel -->
