<?xml version="1.0" encoding="UTF-8"?>
<!-- Generated by org.testng.reporters.JUnitReportReporter -->
<testsuite hostname="EC2AMAZ-8KL45D2" failures="0" tests="1" name="com.WebOrder.AlertBox" time="0.373" errors="0" timestamp="2024-09-25T08:55:36 UTC" skipped="0">
  <testcase classname="com.WebOrder.AlertBox" name="AlertEx" time="0.373"/>
  <system-out/>
</testsuite> <!-- com.WebOrder.AlertBox -->
