<?xml version="1.0" encoding="UTF-8"?>
<!-- Generated by org.testng.reporters.JUnitReportReporter -->
<testsuite hostname="EC2AMAZ-8KL45D2" failures="0" tests="15" name="com.WebOrder.cross_browser_test_using_baseClass_multiData" time="13.620" errors="0" timestamp="2024-09-25T04:37:11 UTC" skipped="0">
  <testcase classname="com.WebOrder.cross_browser_test_using_baseClass_multiData" name="login_to_app" time="0.117"/>
  <system-out/>
  <testcase classname="com.WebOrder.cross_browser_test_using_baseClass_multiData" name="login_to_app" time="2.380"/>
  <system-out/>
  <testcase classname="com.WebOrder.cross_browser_test_using_baseClass_multiData" name="login_to_app" time="0.113"/>
  <system-out/>
  <testcase classname="com.WebOrder.cross_browser_test_using_baseClass_multiData" name="login_to_app" time="3.918"/>
  <system-out/>
  <testcase classname="com.WebOrder.cross_browser_test_using_baseClass_multiData" name="login_to_app" time="0.421"/>
  <system-out/>
  <testcase classname="com.WebOrder.cross_browser_test_using_baseClass_multiData" name="login_to_app" time="3.045"/>
  <system-out/>
  <testcase classname="com.WebOrder.cross_browser_test_using_baseClass_multiData" name="login_to_app" time="0.441"/>
  <system-out/>
  <testcase classname="com.WebOrder.cross_browser_test_using_baseClass_multiData" name="login_to_app" time="0.157"/>
  <system-out/>
  <testcase classname="com.WebOrder.cross_browser_test_using_baseClass_multiData" name="login_to_app" time="0.463"/>
  <system-out/>
  <testcase classname="com.WebOrder.cross_browser_test_using_baseClass_multiData" name="login_to_app" time="0.497"/>
  <system-out/>
  <testcase classname="com.WebOrder.cross_browser_test_using_baseClass_multiData" name="login_to_app" time="0.444"/>
  <system-out/>
  <testcase classname="com.WebOrder.cross_browser_test_using_baseClass_multiData" name="login_to_app" time="0.479"/>
  <system-out/>
  <testcase classname="com.WebOrder.cross_browser_test_using_baseClass_multiData" name="login_to_app" time="0.479"/>
  <system-out/>
  <testcase classname="com.WebOrder.cross_browser_test_using_baseClass_multiData" name="login_to_app" time="0.184"/>
  <system-out/>
  <testcase classname="com.WebOrder.cross_browser_test_using_baseClass_multiData" name="login_to_app" time="0.482"/>
  <system-out/>
</testsuite> <!-- com.WebOrder.cross_browser_test_using_baseClass_multiData -->
