<?xml version="1.0" encoding="UTF-8"?>
<!-- Generated by org.testng.reporters.JUnitReportReporter -->
<testsuite hostname="EC2AMAZ-8KL45D2" failures="0" tests="1" name="com.assignments.Assignment3_HdfcAlert" time="14.146" errors="0" timestamp="2024-09-26T03:42:46 UTC" skipped="0">
  <testcase classname="com.assignments.Assignment3_HdfcAlert" name="alertTest" time="14.146"/>
  <system-out/>
</testsuite> <!-- com.assignments.Assignment3_HdfcAlert -->
