<?xml version="1.0" encoding="UTF-8"?>
<!-- Generated by org.testng.reporters.JUnitReportReporter -->
<testsuite hostname="EC2AMAZ-8KL45D2" failures="0" tests="2" name="com.WebOrder.WebOrder_uniqueName" time="7.560" errors="0" timestamp="2024-09-27T03:18:25 UTC" skipped="0">
  <testcase classname="com.WebOrder.WebOrder_uniqueName" name="login_to_app" time="0.897"/>
  <system-out/>
  <testcase classname="com.WebOrder.WebOrder_uniqueName" name="create_Order" time="6.663"/>
  <system-out/>
</testsuite> <!-- com.WebOrder.WebOrder_uniqueName -->
