<?xml version="1.0" encoding="UTF-8"?>
<!-- Generated by org.testng.reporters.JUnitReportReporter -->
<testsuite hostname="EC2AMAZ-8KL45D2" failures="0" tests="4" name="com.WebOrder.WebOrderDeleteOrder" time="10.071" errors="0" timestamp="2024-09-25T08:24:43 UTC" skipped="0">
  <testcase classname="com.WebOrder.WebOrderDeleteOrder" name="login_to_app" time="1.314"/>
  <system-out/>
  <testcase classname="com.WebOrder.WebOrderDeleteOrder" name="create_Order" time="6.956"/>
  <system-out/>
  <testcase classname="com.WebOrder.WebOrderDeleteOrder" name="update_order" time="1.021"/>
  <system-out/>
  <testcase classname="com.WebOrder.WebOrderDeleteOrder" name="delete_order" time="0.780"/>
  <system-out/>
</testsuite> <!-- com.WebOrder.WebOrderDeleteOrder -->
