<?xml version="1.0" encoding="UTF-8"?>
<!-- Generated by org.testng.reporters.JUnitReportReporter -->
<testsuite hostname="EC2AMAZ-8KL45D2" failures="0" tests="3" name="com.WebOrder.WebOrderUpdateOrderVerifieOrder" time="11.812" errors="0" timestamp="2024-09-25T06:46:13 UTC" skipped="0">
  <testcase classname="com.WebOrder.WebOrderUpdateOrderVerifieOrder" name="login_to_app" time="0.960"/>
  <system-out/>
  <testcase classname="com.WebOrder.WebOrderUpdateOrderVerifieOrder" name="create_Order" time="6.746"/>
  <system-out/>
  <testcase classname="com.WebOrder.WebOrderUpdateOrderVerifieOrder" name="update_order" time="4.106"/>
  <system-out/>
</testsuite> <!-- com.WebOrder.WebOrderUpdateOrderVerifieOrder -->
