<?xml version="1.0" encoding="UTF-8"?>
<!-- Generated by org.testng.reporters.JUnitReportReporter -->
<testsuite hostname="EC2AMAZ-8KL45D2" failures="0" tests="2" name="com.WebOrder.WebOrder_Login" time="10.172" errors="0" timestamp="2024-09-23T09:06:59 UTC" skipped="0">
  <testcase classname="com.WebOrder.WebOrder_Login" name="login" time="4.761"/>
  <system-out/>
  <testcase classname="com.WebOrder.WebOrder_Login" name="logout" time="5.411"/>
  <system-out/>
</testsuite> <!-- com.WebOrder.WebOrder_Login -->
