<?xml version="1.0" encoding="UTF-8"?>
<!-- Generated by org.testng.reporters.JUnitReportReporter -->
<testsuite hostname="EC2AMAZ-8KL45D2" failures="0" tests="3" name="com.WebOrder.assignment_24_09" time="10.533" errors="0" timestamp="2024-09-24T10:45:59 UTC" skipped="0">
  <testcase classname="com.WebOrder.assignment_24_09" name="login" time="3.581"/>
  <system-out/>
  <testcase classname="com.WebOrder.assignment_24_09" name="login" time="3.684"/>
  <system-out/>
  <testcase classname="com.WebOrder.assignment_24_09" name="login" time="3.268"/>
  <system-out/>
</testsuite> <!-- com.WebOrder.assignment_24_09 -->
